Working with nips
Reading corpus file data/knowceans-ilda/nips/nips.corpus . . .
Number of documents: 1740
Vocabulary size: 13649
Creating inverted file . . .
Binary weights
Saving inverted file into data/knowceans-ilda/nips/nips.bin.ifs
Reading corpus file data/knowceans-ilda/nips/nips.corpus . . .
Number of documents: 1740
Vocabulary size: 13649
Creating inverted file . . .
tf weights
Saving inverted file into data/knowceans-ilda/nips/nips.tf.ifs
Reading corpus file data/knowceans-ilda/nips/nips.corpus . . .
Number of documents: 1740
Vocabulary size: 13649
Loading inverted file from file data/knowceans-ilda/nips/nips.tf.ifs . . .
Computing idf weights
Saving weights into data/knowceans-ilda/nips/nips.tf.weights
Working with nips 1k
Reading corpus file data/knowceans-ilda/nips/nips1k.corpus . . .
Number of documents: 1741
Vocabulary size: 1001
Creating inverted file . . .
Binary weights
Saving inverted file into data/knowceans-ilda/nips/nips1k.bin.ifs
Reading corpus file data/knowceans-ilda/nips/nips1k.corpus . . .
Number of documents: 1741
Vocabulary size: 1001
Creating inverted file . . .
tf weights
Saving inverted file into data/knowceans-ilda/nips/nips1k.tf.ifs
Reading corpus file data/knowceans-ilda/nips/nips1k.corpus . . .
Number of documents: 1741
Vocabulary size: 1001
Loading inverted file from file data/knowceans-ilda/nips/nips1k.tf.ifs . . .
Computing idf weights
Saving weights into data/knowceans-ilda/nips/nips1k.tf.weights
Woking with 20ng
Reading corpus file data/20newsgroups/20ng.train.corpus . . .
Number of documents: 11314
Vocabulary size: 61066
Creating inverted file . . .
Binary weights
Saving inverted file into data/20newsgroups/20ng.train.bin.ifs
Reading corpus file data/20newsgroups/20ng.train.corpus . . .
Number of documents: 11314
Vocabulary size: 61066
Creating inverted file . . .
tf weights
Saving inverted file into data/20newsgroups/20ng.train.tf.ifs
Reading corpus file data/20newsgroups/20ng.train.corpus . . .
Number of documents: 11314
Vocabulary size: 61066
Loading inverted file from file data/20newsgroups/20ng.train.tf.ifs . . .
Computing idf weights
Saving weights into data/20newsgroups/20ng.train.wdights
Woking with 20ng (5000)
Reading corpus file data/20newsgroups/20ng5k.train.corpus . . .
Number of documents: 11314
Vocabulary size: 59728
Creating inverted file . . .
Binary weights
Saving inverted file into data/20newsgroups/20ng5k.train.bin.ifs
Reading corpus file data/20newsgroups/20ng5k.train.corpus . . .
Number of documents: 11314
Vocabulary size: 59728
Creating inverted file . . .
tf weights
Saving inverted file into data/20newsgroups/20ng5k.train.tf.ifs
Reading corpus file data/20newsgroups/20ng5k.train.corpus . . .
Number of documents: 11314
Vocabulary size: 59728
Loading inverted file from file data/20newsgroups/20ng5k.train.tf.ifs . . .
Computing idf weights
Saving weights into data/20newsgroups/20ng5k.train.weights
Woking with 20ng (10000)
Reading corpus file data/20newsgroups/20ng10k.train.corpus . . .
Number of documents: 11314
Vocabulary size: 60191
Creating inverted file . . .
Binary weights
Saving inverted file into data/20newsgroups/20ng10k.train.bin.ifs
Reading corpus file data/20newsgroups/20ng10k.train.corpus . . .
Number of documents: 11314
Vocabulary size: 60191
Creating inverted file . . .
tf weights
Saving inverted file into data/20newsgroups/20ng10k.train.tf.ifs
Reading corpus file data/20newsgroups/20ng10k.train.corpus . . .
Number of documents: 11314
Vocabulary size: 60191
Loading inverted file from file data/20newsgroups/20ng10k.train.tf.ifs . . .
Computing idf weights
Saving weights into data/20newsgroups/20ng10k.train.weights
Woking with reuters
Reading corpus file data/reuters/reuters.train.corpus . . .
Number of documents: 473876
Vocabulary size: 116452
Creating inverted file . . .
Binary weights
Saving inverted file into data/reuters/reuters.train.bin.ifs
Reading corpus file data/reuters/reuters.train.corpus . . .
Number of documents: 473876
Vocabulary size: 116452
Creating inverted file . . .
tf weights
Saving inverted file into data/reuters/reuters.train.tf.ifs
Reading corpus file data/reuters/reuters.train.corpus . . .
Number of documents: 473876
Vocabulary size: 116452
Loading inverted file from file data/reuters/reuters.train.tf.ifs . . .
Computing idf weights
Saving weights into data/reuters/reuters.train.weights
Woking with reuters (30000)
Reading corpus file data/reuters/reuters.train30k.corpus . . .
Number of documents: 473876
Vocabulary size: 31313
Creating inverted file . . .
Binary weights
Saving inverted file into data/reuters/reuters.train30k.bin.ifs
Reading corpus file data/reuters/reuters.train30k.corpus . . .
Number of documents: 473876
Vocabulary size: 31313
Creating inverted file . . .
tf weights
Saving inverted file into data/reuters/reuters.train30k.tf.ifs
Reading corpus file data/reuters/reuters.train30k.corpus . . .
Number of documents: 473876
Vocabulary size: 31313
Loading inverted file from file data/reuters/reuters.train30k.tf.ifs . . .
Computing idf weights
Saving weights into data/reuters/reuters.train30k.weights
Woking with wiki
Reading corpus file data/wikipedia/wiki.train.corpus . . .
Number of documents: 3927685
Vocabulary size: 827869
Creating inverted file . . .
Binary weights
Saving inverted file into data/wikipedia/wiki.train.bin.ifs
Reading corpus file data/wikipedia/wiki.train.corpus . . .
Number of documents: 3927685
Vocabulary size: 827869
Creating inverted file . . .
tf weights
Saving inverted file into data/wikipedia/wiki.train.tf.ifs
Reading corpus file data/wikipedia/wiki.train.corpus . . .
Number of documents: 3927685
Vocabulary size: 827869
Loading inverted file from file data/wikipedia/wiki.train.tf.ifs . . .
Computing idf weights
Saving weights into data/wikipedia/wiki.train.weights
Woking with wiki (100000)
